
====================================================
             Speedy Kernel Change Log             
====================================================

Speedy Kernel v5.0
-Updated to latest Linux Kernel Source Code: 3.0.74
-Stock Version - Initial Release.
-AROMA installer (stock only)
-OC and NON OC version.
-Enabled ARCH_POWER
-Added Frandom
-5GHz band support added
-ZEN added back.
-Signal loss fixed.
-OTG fixed (not tested)


Speedy Kernel v4.2 (16-04-2013)
-WiFi fixed.
-Enabled 80211 and WL12XX 


Speedy Kernel v4.1 (15-04-2013)
-Updated to latest Linux Kernel Source Code: 3.0.73
-Compliled using default CM configuration.
-Auto change max freq fixed(not sure)
-Improved battery life.


Speedy Kernel v4.0 (14-04-2013)
-Updated to latest Linux Kernel Source Code: 3.0.71
-LINARO optimized
-Compiled Using Linaro 4.7
-Fixed OndemandQ governer
-Fixed Android OS battery drain
-Improved performance


Speedy Kernel v3.0 (29-03-2013)
-Added Governers (Dynamic Interactive, Adaptive)
-Final fix for auto freq change.
-Final fix governer(Lazy, Sakuractive, OndemandX)
-Fixed OndemandX input.
-Removed Extra bytes from cmdline.
-Added Governers (Lulzactive, OndemandQ)
-Added Stability and Speed.


Speedy Kernel v2.1 (27-03-2013)
-Fixed Superuser Permissions.
-Fixed OndemandX Input.
-Fixed Recovery input button for Xperia P(Now Volume UP).
-Added External SD support in Recovery Xperia Sola.
-Added Governer(Sakuractive).


Speedy Kernel v2.0 (26-03-2013)
-Fixed Auto freq scaling change.
-Added CWM touch recovery. 
-Added Governers(InteractiveX, LulzactiveQ, Lazy)
-Stability and Speed improved.


Speedy Kernel v1.2 (23-03-2013)
-Added IO Schedulers(VR,SIO,Row,Zen)
-New Bootsplash - SONY make.believe


Speedy Kernel v1.0 (22-03-2013) - My First Kernel :D
-Initial release.
